#
# There is insufficient memory for the Java Runtime Environment to continue.
# Native memory allocation (mmap) failed to map 528482304 bytes for G1 virtual space
# Possible reasons:
#   The system is out of physical RAM or swap space
#   The process is running with CompressedOops enabled, and the Java Heap may be blocking the growth of the native heap
# Possible solutions:
#   Reduce memory load on the system
#   Increase physical memory or swap space
#   Check if swap backing store is full
#   Decrease Java heap size (-Xmx/-Xms)
#   Decrease number of Java threads
#   Decrease Java thread stack sizes (-Xss)
#   Set larger code cache with -XX:ReservedCodeCacheSize=
#   JVM is running with Zero Based Compressed Oops mode in which the Java heap is
#     placed in the first 32GB address space. The Java Heap base address is the
#     maximum limit for the native heap growth. Please use -XX:HeapBaseMinAddress
#     to set the Java Heap base and to place the Java Heap above 32GB virtual address.
# This output file may be truncated or incomplete.
#
#  Out of Memory Error (os_windows.cpp:3551), pid=19432, tid=14808
#
# JRE version:  (17.0.14+8) (build )
# Java VM: Java HotSpot(TM) 64-Bit Server VM (17.0.14+8-LTS-191, mixed mode, sharing, tiered, compressed oops, compressed class ptrs, g1 gc, windows-amd64)
# No core dump will be written. Minidumps are not enabled by default on client versions of Windows
#

---------------  S U M M A R Y ------------

Command Line: --enable-native-access=ALL-UNNAMED 

Host: AMD Ryzen 7 8845H w/ Radeon 780M Graphics, 16 cores, 31G,  Windows 11 , 64 bit Build 26100 (10.0.26100.7920)
Time: Tue Apr 14 18:54:24 2026  Windows 11 , 64 bit Build 26100 (10.0.26100.7920) elapsed time: 0.015549 seconds (0d 0h 0m 0s)

---------------  T H R E A D  ---------------

Current thread (0x0000029a4ce940c0):  JavaThread "Unknown thread" [_thread_in_vm, id=14808, stack(0x000000c3e7000000,0x000000c3e7100000)]

Stack: [0x000000c3e7000000,0x000000c3e7100000]
Native frames: (J=compiled Java code, j=interpreted, Vv=VM code, C=native code)
V  [jvm.dll+0x67a38a]
V  [jvm.dll+0x7da7ed]
V  [jvm.dll+0x7dc133]
V  [jvm.dll+0x7dc7a3]
V  [jvm.dll+0x24517f]
V  [jvm.dll+0x6773b9]
V  [jvm.dll+0x66c062]
V  [jvm.dll+0x302096]
V  [jvm.dll+0x309636]
V  [jvm.dll+0x359f8e]
V  [jvm.dll+0x35a1bf]
V  [jvm.dll+0x2d9168]
V  [jvm.dll+0x2da0d4]
V  [jvm.dll+0x7acf71]
V  [jvm.dll+0x3677f1]
V  [jvm.dll+0x78bdf9]
V  [jvm.dll+0x3ecbaf]
V  [jvm.dll+0x3ee7e1]
C  [jli.dll+0x5297]
C  [ucrtbase.dll+0x37b0]
C  [KERNEL32.DLL+0x2e8d7]
C  [ntdll.dll+0x8c48c]


---------------  P R O C E S S  ---------------

Threads class SMR info:
_java_thread_list=0x00007ffca1998a18, length=0, elements={
}

Java Threads: ( => current thread )

Other Threads:
  0x0000029a4cf404d0 GCTaskThread "GC Thread#0" [stack: 0x000000c3e7100000,0x000000c3e7200000] [id=4988]
  0x0000029a4cf51b70 ConcurrentGCThread "G1 Main Marker" [stack: 0x000000c3e7200000,0x000000c3e7300000] [id=16772]
  0x0000029a4cf53430 ConcurrentGCThread "G1 Conc#0" [stack: 0x000000c3e7300000,0x000000c3e7400000] [id=26496]

[error occurred during error reporting (printing all threads), id 0xc0000005, EXCEPTION_ACCESS_VIOLATION (0xc0000005) at pc=0x00007ffca11c9c57]

VM state: not at safepoint (not fully initialized)

VM Mutex/Monitor currently owned by a thread:  ([mutex/lock_event])
[0x0000029a4ce8fec0] Heap_lock - owner thread: 0x0000029a4ce940c0

Heap address: 0x000000060b000000, size: 8016 MB, Compressed Oops mode: Zero based, Oop shift amount: 3

CDS archive(s) mapped at: [0x0000000000000000-0x0000000000000000-0x0000000000000000), size 0, SharedBaseAddress: 0x0000000800000000, ArchiveRelocationMode: 1.
Narrow klass base: 0x0000000000000000, Narrow klass shift: 0, Narrow klass range: 0x0

GC Precious Log:
<Empty>

Heap:
 garbage-first heap   total 0K, used 0K [0x000000060b000000, 0x0000000800000000)
  region size 4096K, 0 young (0K), 0 survivors (0K)

[error occurred during error reporting (printing heap information), id 0xc0000005, EXCEPTION_ACCESS_VIOLATION (0xc0000005) at pc=0x00007ffca15b3b79]

GC Heap History (0 events):
No events

Deoptimization events (0 events):
No events

Classes unloaded (0 events):
No events

Classes redefined (0 events):
No events

Internal exceptions (0 events):
No events

VM Operations (0 events):
No events

Events (1 events):
Event: 0.010 Loaded shared library D:\Java SE\bin\java.dll


Dynamic libraries:
0x00007ff6905d0000 - 0x00007ff6905e0000 	D:\Java SE\bin\java.exe
0x00007ffd6ef40000 - 0x00007ffd6f1a7000 	C:\WINDOWS\SYSTEM32\ntdll.dll
0x00007ffd6dde0000 - 0x00007ffd6dea9000 	C:\WINDOWS\System32\KERNEL32.DLL
0x00007ffd6c6b0000 - 0x00007ffd6caa1000 	C:\WINDOWS\System32\KERNELBASE.dll
0x00007ffd6b9c0000 - 0x00007ffd6bb0b000 	C:\WINDOWS\System32\ucrtbase.dll
0x00007ffd25b50000 - 0x00007ffd25b69000 	D:\Java SE\bin\jli.dll
0x00007ffd242a0000 - 0x00007ffd242bb000 	D:\Java SE\bin\VCRUNTIME140.dll
0x00007ffd6d020000 - 0x00007ffd6d0db000 	C:\WINDOWS\System32\ADVAPI32.dll
0x00007ffd6ed90000 - 0x00007ffd6ee39000 	C:\WINDOWS\System32\msvcrt.dll
0x00007ffd6dfc0000 - 0x00007ffd6e067000 	C:\WINDOWS\System32\sechost.dll
0x00007ffd6e420000 - 0x00007ffd6e538000 	C:\WINDOWS\System32\RPCRT4.dll
0x00007ffd6cd10000 - 0x00007ffd6ced5000 	C:\WINDOWS\System32\USER32.dll
0x00007ffd6b820000 - 0x00007ffd6b847000 	C:\WINDOWS\System32\win32u.dll
0x00007ffd6ddb0000 - 0x00007ffd6dddb000 	C:\WINDOWS\System32\GDI32.dll
0x00007ffd58040000 - 0x00007ffd582d3000 	C:\WINDOWS\WinSxS\amd64_microsoft.windows.common-controls_6595b64144ccf1df_6.0.26100.8037_none_3e092faae333b53b\COMCTL32.dll
0x00007ffd6c580000 - 0x00007ffd6c6ab000 	C:\WINDOWS\System32\gdi32full.dll
0x00007ffd6cc30000 - 0x00007ffd6ccd3000 	C:\WINDOWS\System32\msvcp_win.dll
0x00007ffd5d460000 - 0x00007ffd5d46b000 	C:\WINDOWS\SYSTEM32\VERSION.dll
0x00007ffd6df80000 - 0x00007ffd6dfb1000 	C:\WINDOWS\System32\IMM32.DLL
0x00007ffd25b40000 - 0x00007ffd25b4c000 	D:\Java SE\bin\vcruntime140_1.dll
0x00007ffcea340000 - 0x00007ffcea3ce000 	D:\Java SE\bin\msvcp140.dll
0x00007ffca0ee0000 - 0x00007ffca1ac1000 	D:\Java SE\bin\server\jvm.dll
0x00007ffd6e6a0000 - 0x00007ffd6e6a8000 	C:\WINDOWS\System32\PSAPI.DLL
0x00007ffd5f340000 - 0x00007ffd5f34a000 	C:\WINDOWS\SYSTEM32\WSOCK32.dll
0x00007ffd5f9b0000 - 0x00007ffd5f9e5000 	C:\WINDOWS\SYSTEM32\WINMM.dll
0x00007ffd6d890000 - 0x00007ffd6d904000 	C:\WINDOWS\System32\WS2_32.dll
0x00007ffd6a580000 - 0x00007ffd6a59b000 	C:\WINDOWS\SYSTEM32\kernel.appcore.dll
0x00007ffd24930000 - 0x00007ffd2493a000 	D:\Java SE\bin\jimage.dll
0x00007ffd69830000 - 0x00007ffd69a72000 	C:\WINDOWS\SYSTEM32\DBGHELP.DLL
0x00007ffd6da20000 - 0x00007ffd6dda2000 	C:\WINDOWS\System32\combase.dll
0x00007ffd6cf40000 - 0x00007ffd6d017000 	C:\WINDOWS\System32\OLEAUT32.dll
0x00007ffd50bf0000 - 0x00007ffd50c2b000 	C:\WINDOWS\SYSTEM32\dbgcore.DLL
0x00007ffd6b850000 - 0x00007ffd6b8f5000 	C:\WINDOWS\System32\bcryptPrimitives.dll
0x00007ffd1d030000 - 0x00007ffd1d055000 	D:\Java SE\bin\java.dll

dbghelp: loaded successfully - version: 4.0.5 - missing functions: none
symbol engine: initialized successfully - sym options: 0x614 - pdb path: .;D:\Java SE\bin;C:\WINDOWS\SYSTEM32;C:\WINDOWS\WinSxS\amd64_microsoft.windows.common-controls_6595b64144ccf1df_6.0.26100.8037_none_3e092faae333b53b;D:\Java SE\bin\server

VM Arguments:
jvm_args: --enable-native-access=ALL-UNNAMED 
java_command: <unknown>
java_class_path (initial): <not set>
Launcher Type: SUN_STANDARD

[Global flags]
     intx CICompilerCount                          = 12                                        {product} {ergonomic}
     uint ConcGCThreads                            = 3                                         {product} {ergonomic}
     uint G1ConcRefinementThreads                  = 13                                        {product} {ergonomic}
   size_t G1HeapRegionSize                         = 4194304                                   {product} {ergonomic}
    uintx GCDrainStackTargetSize                   = 64                                        {product} {ergonomic}
   size_t InitialHeapSize                          = 528482304                                 {product} {ergonomic}
   size_t MarkStackSize                            = 4194304                                   {product} {ergonomic}
   size_t MaxHeapSize                              = 8405385216                                {product} {ergonomic}
   size_t MinHeapDeltaBytes                        = 4194304                                   {product} {ergonomic}
   size_t MinHeapSize                              = 8388608                                   {product} {ergonomic}
    uintx NonNMethodCodeHeapSize                   = 7602480                                {pd product} {ergonomic}
    uintx NonProfiledCodeHeapSize                  = 122027880                              {pd product} {ergonomic}
    uintx ProfiledCodeHeapSize                     = 122027880                              {pd product} {ergonomic}
    uintx ReservedCodeCacheSize                    = 251658240                              {pd product} {ergonomic}
     bool SegmentedCodeCache                       = true                                      {product} {ergonomic}
   size_t SoftMaxHeapSize                          = 8405385216                             {manageable} {ergonomic}
     bool UseCompressedClassPointers               = true                           {product lp64_product} {ergonomic}
     bool UseCompressedOops                        = true                           {product lp64_product} {ergonomic}
     bool UseG1GC                                  = true                                      {product} {ergonomic}
     bool UseLargePagesIndividualAllocation        = false                                  {pd product} {ergonomic}

Logging:
Log output configuration:
 #0: stdout all=warning uptime,level,tags
 #1: stderr all=off uptime,level,tags

Environment Variables:
JAVA_HOME=D:\Java SE
PATH=D:\VMware\bin\;d:\Cursor\cursor\resources\app\bin;D:\Android-SDK\cmdline-tools\latest\bin;D:\flutters_windows\flutter\bin;D:\flutters_windows\flutter\bin\cache\dart-sdk\bin;C:\Program Files\Common Files\Oracle\Java\javapath;C:\WINDOWS\system32;C:\WINDOWS;C:\WINDOWS\System32\Wbem;C:\WINDOWS\System32\WindowsPowerShell\v1.0\;C:\WINDOWS\System32\OpenSSH\;D:\zip\Bandizip\;D:\G++\MinGW\bin;C:\Program Files (x86)\Windows Kits\10\Windows Performance Toolkit\;D:\Dart\Dart\dart-sdk\bin;D:\Java SE\bin;D:\Dart\Dart\dart-sdk\bin\dart.exe;D:\Android-SDK\platform-tools;D:\Android-SDK\tools;D:\Node.js;D:\Node.js\npm.cmd;D:\Python\Scripts\;D:\Python\;C:\Users\14807\AppData\Local\Programs\Python\Python311\Scripts\;C:\Users\14807\AppData\Local\Programs\Python\Python311\;C:\Users\14807\AppData\Local\Microsoft\WindowsApps;D:\Python\PyCharm 2023.1.3\bin;D:\PyCharm\PyCharm Community Edition 2024.3.1.1\bin;D:\G++\MinGW\bin;C:\Users\14807\AppData\Roaming\npm;D:\Cursor\cursor\resources\app\bin;d:\Cursor\cursor\resources\ap;C:\Program Files\dotnet\;C:\Program Files\MySQL\MySQL Server 8.0\bin;D:\Maven\apache-maven-3.9.11\bin;D:\WeChat_DevTools\峚陓web羲楷氪馱撿\bin;;;;D:\Git\Git\cmd;D:\Python\Scripts\;D:\Python\;C:\Users\14807\AppData\Local\Programs\Python\Python311\Scripts\;C:\Users\14807\AppData\Local\Programs\Python\Python311\;C:\Users\14807\AppData\Local\Microsoft\WindowsApps;D:\Python\PyCharm 2023.1.3\bin;;D:\Microsoft VS Code\bin;D:\PyCharm\PyCharm Community Edition 2024.3.1.1\bin;;D:\G++\MinGW\bin;C:\Users\14807\AppData\Roaming\npm;D:\Cursor\cursor\resources\app\bin;C:\Users\14807\.dotnet\tools;D:\IntelliJ IDEA Ultimate\IntelliJ IDEA 2025.2\bin;D:\DataGrip\DataGrip 2024.3.5\bin;
USERNAME=14807
OS=Windows_NT
PROCESSOR_IDENTIFIER=AMD64 Family 25 Model 117 Stepping 2, AuthenticAMD



---------------  S Y S T E M  ---------------

OS:
 Windows 11 , 64 bit Build 26100 (10.0.26100.7920)
OS uptime: 4 days 0:56 hours
Hyper-V role detected

CPU: total 16 (initial active 16) (16 cores per cpu, 2 threads per core) family 25 model 117 stepping 2 microcode 0xa705206, cx8, cmov, fxsr, ht, mmx, 3dnowpref, sse, sse2, sse3, ssse3, sse4a, sse4.1, sse4.2, popcnt, lzcnt, tsc, tscinvbit, avx, avx2, aes, erms, clmul, bmi1, bmi2, adx, avx512f, avx512dq, avx512cd, avx512bw, avx512vl, sha, fma, vzeroupper, avx512_vpopcntdq, avx512_vpclmulqdq, avx512_vaes, avx512_vnni, clflush, clflushopt, avx512_vbmi2, avx512_vbmi, hv

Memory: 4k page, system-wide physical 32060M (774M free)
TotalPageFile size 34107M (AvailPageFile size 82M)
current process WorkingSet (physical memory assigned to process): 14M, peak: 14M
current process commit charge ("private bytes"): 71M, peak: 575M

vm_info: Java HotSpot(TM) 64-Bit Server VM (17.0.14+8-LTS-191) for windows-amd64 JRE (17.0.14+8-LTS-191), built on Dec  3 2024 11:07:59 by "mach5one" with MS VC++ 17.6 (VS2022)

END.
